[debug] [2017-11-15T12:51:13.700Z] ----------------------------------------------------------------------
[debug] [2017-11-15T12:51:13.703Z] Command:       /usr/local/bin/node /usr/local/bin/firebase experimental:functions:shell
[debug] [2017-11-15T12:51:13.703Z] CLI Version:   3.15.0
[debug] [2017-11-15T12:51:13.703Z] Platform:      darwin
[debug] [2017-11-15T12:51:13.703Z] Node Version:  v9.2.0
[debug] [2017-11-15T12:51:13.704Z] Time:          Wed Nov 15 2017 13:51:13 GMT+0100 (CET)
[debug] [2017-11-15T12:51:13.704Z] ----------------------------------------------------------------------
[debug] 
[debug] [2017-11-15T12:51:13.719Z] > command requires scopes: ["email","openid","https://www.googleapis.com/auth/cloudplatformprojects.readonly","https://www.googleapis.com/auth/firebase","https://www.googleapis.com/auth/cloud-platform"]
[debug] [2017-11-15T12:51:13.720Z] > authorizing via signed-in user
[debug] [2017-11-15T12:51:13.722Z] > refreshing access token with scopes: ["email","https://www.googleapis.com/auth/cloud-platform","https://www.googleapis.com/auth/cloudplatformprojects.readonly","https://www.googleapis.com/auth/firebase","openid"]
[debug] [2017-11-15T12:51:13.722Z] >>> HTTP REQUEST POST https://www.googleapis.com/oauth2/v3/token { refresh_token: '1/I33ljkRI62enk9HK7NiWuBktMtreEokO3w45DJ43hL8',
  client_id: '563584335869-fgrhgmd47bqnekij5i8b5pr03ho849e6.apps.googleusercontent.com',
  client_secret: 'j9iVZfS8kkCEFUPaAeJV0sAi',
  grant_type: 'refresh_token',
  scope: 'email https://www.googleapis.com/auth/cloud-platform https://www.googleapis.com/auth/cloudplatformprojects.readonly https://www.googleapis.com/auth/firebase openid' } 
 Wed Nov 15 2017 13:51:13 GMT+0100 (CET)
[debug] [2017-11-15T12:51:13.954Z] <<< HTTP RESPONSE 200
[debug] [2017-11-15T12:51:13.962Z] >>> HTTP REQUEST GET https://admin.firebase.com/v1/projects/paalgyula-website  
 Wed Nov 15 2017 13:51:13 GMT+0100 (CET)
[debug] [2017-11-15T12:51:14.721Z] <<< HTTP RESPONSE 200
[debug] [2017-11-15T12:51:14.722Z] >>> HTTP REQUEST GET https://admin.firebase.com/v1/database/paalgyula-website/tokens  
 Wed Nov 15 2017 13:51:14 GMT+0100 (CET)
[debug] [2017-11-15T12:51:15.538Z] <<< HTTP RESPONSE 200
[info] i  functions: Preparing to emulate functions.
[debug] [2017-11-15T12:51:16.016Z] >>> HTTP REQUEST GET https://appengine.googleapis.com/v1/apps/paalgyula-website  
 Wed Nov 15 2017 13:51:16 GMT+0100 (CET)
[debug] [2017-11-15T12:51:16.017Z] >>> HTTP REQUEST GET https://apikeys.googleapis.com/v1/projects/paalgyula-website/apiKeys  
 Wed Nov 15 2017 13:51:16 GMT+0100 (CET)
[debug] [2017-11-15T12:51:17.415Z] <<< HTTP RESPONSE 200
[debug] [2017-11-15T12:51:17.729Z] <<< HTTP RESPONSE 200
[info] ✔  functions: bigben
